


        --------
     |- A L Y A: chan180
        --------



        -------------------
     |- SUMMARY OF MAKEFILE
        -------------------



        |- USER AND SYSTEM:

           COMPILED BY:
           DATE:
           HOSTNAME:
           ARCHITECTURE:
           OPERATING SYSTEM:

        |- F90 AND C COMPILERS:

           F90:
           FPPFLAGS:
           FCFLAGS:
           FOPT:
           CSALYA:


        ------------------
     |- SUMMARY OF MODULES
        ------------------


           
