Authorization required, but no authorization protocol specified

Authorization required, but no authorization protocol specified

Authorization required, but no authorization protocol specified

Authorization required, but no authorization protocol specified

--|                           
--| ALYA  START ALYA FOR PROBLEM: chan180
--|                           
--| ALYA  READ PROBLEM DATA
--| ALYA  CHECK MPI. 1 MASTER + 5 SUBDOMAINS
--| ALYA  MPI IS WORKING WELL
--| ALYA  STREAMS PER GPU: 1
--| ALYA  START READ MPIO
--| ALYA     MPIO feature: enabled
--| ALYA     START INPUT
--| ALYA        Reading input: enabled
--| ALYA        Parallel partition: enabled
--| ALYA     END INPUT
--| ALYA     START OUTPUT
--| ALYA        Writing output: enabled
--| ALYA        Asynchronous writing: enabled
--| ALYA        Flush: each iteration
--| ALYA        Mixed sequential/parallel mode: forced to parallel
--| ALYA        START POST-PROCESS
--| ALYA           Post-Process writing: enabled
--| ALYA        END POST-PROCESS
--| ALYA        START RESTART
--| ALYA           Restart writing: enabled
--| ALYA        END RESTART
--| ALYA     END OUTPUT
--| ALYA  END READ MPIO
--| ALYA  START READ MESH ARRAYS
--| ALYA     START INIT MPI-IO COMMUNICATORS
--| ALYA        NUMBER OF MPI-IO WORKERS (GEOMETRY READING): 5
--| ALYA        NUMBER OF MPI-IO WORKERS (POST/RST): 5
--| ALYA     END END INIT MPI-IO COMMUNICATORS
--| ALYA     START GEOMETRY READING (PARALLEL)
--| ALYA        INIT DIMENSIONS
--| ALYA        READ COORD FILE
--| ALYA        READ LNOCH FILE
--| ALYA        READ LTYPE FILE
--| ALYA        READ LNODS FILE
--| ALYA        READ LMATE FILE
--| ALYA        READ LMAST FILE
--| ALYA        READ LESUB FILE
--| ALYA        READ LELCH FILE
--| ALYA        READ LTYPB FILE
--| ALYA        READ LNODB FILE
--| ALYA        READ LELBO FILE
--| ALYA        READ LBOCH FILE
--| ALYA     END GEOMETRY READING (PARALLEL)
--| ALYA     START SET READING (PARALLEL)
--| ALYA        READ LBSET FILE
--| ALYA     END SET READING (PARALLEL)
--| ALYA     START BCS READING (PARALLEL)
--| ALYA        READ CODBO FILE
--| ALYA     END BCS READING (PARALLEL)
--| ALYA     START FIELD READING (PARALLEL)
--| ALYA        READ XFIEL 00000001 00000001
--| ALYA     END FIELD READING (PARALLEL)
--| ALYA  END READ MESH ARRAYS
--| ALYA  START PARALLEL PARTITIONING
--| ALYA     START REDISTRIBUTE GEOMETRY AMONG SLAVES
--| ALYA        NODAL ARRAYS
--| ALYA        BOUNDARY ARRAYS
--| ALYA     END REDISTRIBUTE GEOMETRY AMONG SLAVES
--| ALYA     PARTITIONING MESH WITH SFC
--| ALYA     START REDISTRIBUTE GEOMETRY AMONG SLAVES
--| ALYA        REDISTRIBUTE LNODS
--| ALYA        REDISTRIBUTE LNODB
--| ALYA        REDISTRIBUTE LELBO
--| ALYA        REDISTRIBUTE GLOBAL NUMBERING
--| ALYA        REDISTRIBUTE LEINV_LOC
--| ALYA        REDISTRIBUTE LTYPE
--| ALYA        REDISTRIBUTE LELCH
--| ALYA        REDISTRIBUTE LESUB
--| ALYA        REDISTRIBUTE LMATE
--| ALYA        REDISTRIBUTE COORD
--| ALYA        REDISTRIBUTE LNINV_LOC
--| ALYA        REDISTRIBUTE LNOCH
--| ALYA        REDISTRIBUTE LMAST
--| ALYA        REDISTRIBUTE XFIEL % A
--| ALYA        REDISTRIBUTE LTYPB
--| ALYA        REDISTRIBUTE LBOCH
--| ALYA        REDISTRIBUTE LBSET
--| ALYA        REDISTRIBUTE KFL_CODBO
--| ALYA        REDISTRIBUTE LBINV_LOC
--| ALYA     END REDISTRIBUTE GEOMETRY AMONG SLAVES
--| ALYA     START CONSTRUCT COMMUNICATION ARRAYS
--| ALYA        COMPUTE LIST OF CANDIDATE INTERFACE NODES
--| ALYA        COMPUTE INTERFACE NODES WITH COUPLING
--| ALYA        COMPUTE INTERFACE NODE PROPERTY
--| ALYA        COMPUTE COMMUNICATION STRATEGY
--| ALYA     END CONSTRUCT COMMUNICATION ARRAYS
--| ALYA  END PARALLEL PARTITIONING
--| ALYA  KERMOD: READ DATA
--| ALYA  COMPUTING PERIODICITY
--| ALYA  START CONSTRUCT DOMAIN
--| ALYA     NODE RENUMBERING WITH METIS
--| ALYA     PARALL: COMPUTE INTER-COLOR COMMUNICATORS
--| ALYA     PARALL: COMPUTE BIN STRUCTURE FOR PARTITIONS
--| ALYA     COMPUTE BIN STRUCTURE OF PARTITIONS
--| ALYA     COMPUTE GRAPH
--| ALYA     COMPUTE GROUPS USING PARALLEL FRONTAL METHOD
--| ALYA     CHECK ELEMENT ORDERING
--| ALYA     CHECK BOUNDARY ORDERING
--| ALYA     PARALL: GET HALO GEOMETRY
--| ALYA     PARALL: CREATE INTRA-ZONE COMMUNICATION ARRAY
--| ALYA     PARALL: CREATE INTRA-SUBDOMAIN COMMUNICATION ARRAY
--| ALYA     ELSEST PREPROCESS
--| ALYA     PARALL: OUTPUT PARTITION
--| ALYA     COMPUTE LUMPED MASS MATRIX
--| ALYA     COMPUTE CLOSED MASS MATRIX
--| ALYA     COMPUTE CONSISTENT MASS MATRIX
--| ALYA     COMPUTE EXTERIOR NORMALS
--| ALYA     EXTRAPOLATE BOUNDARY CODES TO NODE CODES
--| ALYA     START OUTPUT MESH
--| ALYA        WRITE COORD (POST - PARALLEL)
--| ALYA        WRITE LNODS (POST - PARALLEL)
--| ALYA        WRITE LTYPE (POST - PARALLEL)
--| ALYA        WRITE LNINV (POST - PARALLEL)
--| ALYA        WRITE LEINV (POST - PARALLEL)
--| ALYA        WRITE LELCH (POST - PARALLEL)
--| ALYA        WRITE LNOCH (POST - PARALLEL)
--| ALYA        WRITE LESUB (POST - PARALLEL)
--| ALYA        WRITE LMATE (POST - PARALLEL)
--| ALYA        WRITE LMAST (POST - PARALLEL)
--| ALYA        WRITE LNODB (POST - PARALLEL)
--| ALYA        WRITE LTYPB (POST - PARALLEL)
--| ALYA        WRITE LBOCH (POST - PARALLEL)
--| ALYA        WRITE LELBO (POST - PARALLEL)
--| ALYA        WRITE LBINV (POST - PARALLEL)
--| ALYA     END OUTPUT MESH
--| ALYA     START HYBRID PARALLELIZATION & VECTORIZATION (ELEMENTS)
--| ALYA        VECTORIZATION WITH VECTOR SIZE= 16
--| ALYA        MAX NUMBER OF ELEMENT TYPES DETECTED= 1
--| ALYA        OPENMP/OMPSS DESACTIVATED IN ALL LOOPS
--| ALYA     END HYBRID PARALLELIZATION & VECTORIZATION (ELEMENTS)
--| ALYA     START HYBRID PARALLELIZATION & VECTORIZATION (BOUNDARIES)
--| ALYA        VECTORIZATION WITH VECTOR SIZE= 16
--| ALYA        MAX NUMBER OF BOUNDARY TYPES DETECTED= 1
--| ALYA        OPENMP/OMPSS DESACTIVATED IN ALL LOOPS
--| ALYA     END HYBRID PARALLELIZATION & VECTORIZATION (BOUNDARIES)
--| ALYA  END CONSTRUCT DOMAIN
--| ALYA  START MODULE INITIALIZATION
--| ALYA     NASTIN: READ DATA
--| ALYA  END MODULE INITIALIZATION
--| ALYA  START SOLVER INITIALIZATION
--| ALYA     NASTIN: EXPLICIT FOR MOMENTUM
--| ALYA     NASTIN: CONJUGATE GRADIENT FOR CONTINUITY
--| ALYA     NASTIN: RICHARDSON FOR MASS_CORRECTION
--| ALYA     NASTIN: GMRES FOR VISCOUS_TERM
--| ALYA  END SOLVER INITIALIZATION
--| ALYA  FLUSH ASYNCHRONOUS MPI-IO WRITE BUFFER
--| ALYA  KERMOD: INITIAL SOLUTION
--| ALYA  START INITIAL SOLUTION
--| ALYA     NASTIN
--| ALYA  END INITIAL SOLUTION
--| ALYA  WRITE VELOC (POST - PARALLEL)
--| ALYA  START TIME STEP 1, t=  3.068716E-02
--| ALYA     SOLVE NASTIN (MMMMSC)
--| ALYA  END TIME STEP
--| ALYA  START TIME STEP 2, t=  6.112651E-02
--| ALYA     SOLVE NASTIN (MMMMSC)
--| ALYA  END TIME STEP
--| ALYA  START TIME STEP 3, t=  6.532219E-02
--| ALYA     SOLVE NASTIN (MMMMSC)
--| ALYA  END TIME STEP
--| ALYA  START TIME STEP 4, t=  8.718085E-02
--| ALYA     SOLVE NASTIN (MMMMSC)
--| ALYA  END TIME STEP
--| ALYA  START TIME STEP 5, t=  1.019314E-01
--| ALYA     SOLVE NASTIN (MMMMSC)
--| ALYA  END TIME STEP
--| ALYA  START TIME STEP 6, t=  1.175684E-01
--| ALYA     SOLVE NASTIN (MMMMSC)
--| ALYA  END TIME STEP
--| ALYA  START TIME STEP 7, t=  1.335641E-01
--| ALYA     SOLVE NASTIN (MMMMSC)
--| ALYA  END TIME STEP
--| ALYA  START TIME STEP 8, t=  1.393133E-01
--| ALYA     SOLVE NASTIN (MMMMSC)
--| ALYA  END TIME STEP
--| ALYA  START TIME STEP 9, t=  1.526594E-01
--| ALYA     SOLVE NASTIN (MMMMSC)
--| ALYA  END TIME STEP
--| ALYA  START TIME STEP 10, t=  1.674913E-01
--| ALYA     SOLVE NASTIN (MMMMSC)
--| ALYA  END TIME STEP
--| ALYA  START TIME STEP 11, t=  1.828812E-01
--| ALYA     SOLVE NASTIN (MMMMSC)
--| ALYA  END TIME STEP
--| ALYA  START TIME STEP 12, t=  1.993515E-01
--| ALYA     SOLVE NASTIN (MMMMSC)
--| ALYA  END TIME STEP
--| ALYA  START TIME STEP 13, t=  2.039781E-01
--| ALYA     SOLVE NASTIN (MMMMSC)
--| ALYA  END TIME STEP
--| ALYA  START TIME STEP 14, t=  2.208085E-01
--| ALYA     SOLVE NASTIN (MMMMSC)
--| ALYA  END TIME STEP
--| ALYA  START TIME STEP 15, t=  2.229797E-01
--| ALYA     SOLVE NASTIN (MMMMSC)
--| ALYA  END TIME STEP
--| ALYA  START TIME STEP 16, t=  2.283295E-01
--| ALYA     SOLVE NASTIN (MMMMSC)
--| ALYA  END TIME STEP
--| ALYA  START TIME STEP 17, t=  2.336902E-01
--| ALYA     SOLVE NASTIN (MMMMSC)
--| ALYA  END TIME STEP
--| ALYA  START TIME STEP 18, t=  2.361922E-01
--| ALYA     SOLVE NASTIN (MMMMSC)
--| ALYA  END TIME STEP
--| ALYA  START TIME STEP 19, t=  2.432173E-01
--| ALYA     SOLVE NASTIN (MMMMSC)
--| ALYA  END TIME STEP
--| ALYA  START TIME STEP 20, t=  2.463435E-01
--| ALYA     SOLVE NASTIN (MMMMSC)
--| ALYA  END TIME STEP
--| ALYA  START TIME STEP 21, t=  2.511634E-01
--| ALYA     SOLVE NASTIN (MMMMSC)
--| ALYA  END TIME STEP
--| ALYA  START TIME STEP 22, t=  2.563564E-01
--| ALYA     SOLVE NASTIN (MMMMSC)
--| ALYA  END TIME STEP
--| ALYA  START TIME STEP 23, t=  2.577663E-01
--| ALYA     SOLVE NASTIN (MMMMSC)
--| ALYA  END TIME STEP
--| ALYA  START TIME STEP 24, t=  2.620350E-01
--| ALYA     SOLVE NASTIN (MMMMSC)
--| ALYA  END TIME STEP
--| ALYA  START TIME STEP 25, t=  2.627696E-01
--| ALYA     SOLVE NASTIN (MMMMSC)
--| ALYA  END TIME STEP
--| ALYA  START TIME STEP 26, t=  2.643975E-01
--| ALYA     SOLVE NASTIN (MMMMSC)
--| ALYA  END TIME STEP
--| ALYA  START TIME STEP 27, t=  2.668536E-01
--| ALYA     SOLVE NASTIN (MMMMSC)
--| ALYA  END TIME STEP
--| ALYA  START TIME STEP 28, t=  2.697829E-01
--| ALYA     SOLVE NASTIN (MMMMSC)
--| ALYA  END TIME STEP
--| ALYA  START TIME STEP 29, t=  2.716388E-01
--| ALYA     SOLVE NASTIN (MMMMSC)
--| ALYA  END TIME STEP
--| ALYA  START TIME STEP 30, t=  2.754931E-01
--| ALYA     SOLVE NASTIN (MMMMSC)
--| ALYA  END TIME STEP
--| ALYA  START TIME STEP 31, t=  2.795798E-01
--| ALYA     SOLVE NASTIN (MMMMSC)
--| ALYA  END TIME STEP
--| ALYA  START TIME STEP 32, t=  2.836031E-01
--| ALYA     SOLVE NASTIN (MMMMSC)
--| ALYA  END TIME STEP
--| ALYA  START TIME STEP 33, t=  2.852599E-01
--| ALYA     SOLVE NASTIN (MMMMSC)
--| ALYA  END TIME STEP
--| ALYA  START TIME STEP 34, t=  2.891412E-01
--| ALYA     SOLVE NASTIN (MMMMSC)
--| ALYA  END TIME STEP
--| ALYA  START TIME STEP 35, t=  2.918239E-01
--| ALYA     SOLVE NASTIN (MMMMSC)
--| ALYA  END TIME STEP
--| ALYA  START TIME STEP 36, t=  2.959956E-01
--| ALYA     SOLVE NASTIN (MMMMSC)
--| ALYA  END TIME STEP
--| ALYA  START TIME STEP 37, t=  3.001231E-01
--| ALYA     SOLVE NASTIN (MMMMSC)
--| ALYA  END TIME STEP
--| ALYA  START TIME STEP 38, t=  3.041650E-01
--| ALYA     SOLVE NASTIN (MMMMSC)
--| ALYA  END TIME STEP
--| ALYA  START TIME STEP 39, t=  3.080075E-01
--| ALYA     SOLVE NASTIN (MMMMSC)
--| ALYA  END TIME STEP
--| ALYA  START TIME STEP 40, t=  3.123179E-01
--| ALYA     SOLVE NASTIN (MMMMSC)
--| ALYA  END TIME STEP
--| ALYA  START TIME STEP 41, t=  3.165618E-01
--| ALYA     SOLVE NASTIN (MMMMSC)
--| ALYA  END TIME STEP
--| ALYA  START TIME STEP 42, t=  3.211050E-01
--| ALYA     SOLVE NASTIN (MMMMSC)
--| ALYA  END TIME STEP
--| ALYA  START TIME STEP 43, t=  3.253896E-01
--| ALYA     SOLVE NASTIN (MMMMSC)
--| ALYA  END TIME STEP
--| ALYA  START TIME STEP 44, t=  3.299444E-01
--| ALYA     SOLVE NASTIN (MMMMSC)
--| ALYA  END TIME STEP
--| ALYA  START TIME STEP 45, t=  3.343638E-01
--| ALYA     SOLVE NASTIN (MMMMSC)
--| ALYA  END TIME STEP
--| ALYA  START TIME STEP 46, t=  3.389597E-01
--| ALYA     SOLVE NASTIN (MMMMSC)
--| ALYA  END TIME STEP
--| ALYA  START TIME STEP 47, t=  3.433425E-01
--| ALYA     SOLVE NASTIN (MMMMSC)
--| ALYA  END TIME STEP
--| ALYA  START TIME STEP 48, t=  3.480578E-01
--| ALYA     SOLVE NASTIN (MMMMSC)
--| ALYA  END TIME STEP
--| ALYA  START TIME STEP 49, t=  3.526829E-01
--| ALYA     SOLVE NASTIN (MMMMSC)
--| ALYA  END TIME STEP
--| ALYA  START TIME STEP 50, t=  3.575565E-01
--| ALYA     SOLVE NASTIN (MMMMSC)
--| ALYA  END TIME STEP
--| ALYA  WRITE VELOC (POST - PARALLEL)
--| ALYA  FLUSH ASYNCHRONOUS MPI-IO WRITE BUFFER
--| ALYA  START TIME STEP 51, t=  3.624041E-01
--| ALYA     SOLVE NASTIN (MMMMSC)
--| ALYA  END TIME STEP
--| ALYA  START TIME STEP 52, t=  3.673562E-01
--| ALYA     SOLVE NASTIN (MMMMSC)
--| ALYA  END TIME STEP
--| ALYA  START TIME STEP 53, t=  3.720267E-01
--| ALYA     SOLVE NASTIN (MMMMSC)
--| ALYA  END TIME STEP
--| ALYA  START TIME STEP 54, t=  3.770786E-01
--| ALYA     SOLVE NASTIN (MMMMSC)
--| ALYA  END TIME STEP
--| ALYA  START TIME STEP 55, t=  3.822588E-01
--| ALYA     SOLVE NASTIN (MMMMSC)
--| ALYA  END TIME STEP
--| ALYA  START TIME STEP 56, t=  3.875551E-01
--| ALYA     SOLVE NASTIN (MMMMSC)
--| ALYA  END TIME STEP
--| ALYA  START TIME STEP 57, t=  3.928708E-01
--| ALYA     SOLVE NASTIN (MMMMSC)
--| ALYA  END TIME STEP
--| ALYA  START TIME STEP 58, t=  3.983414E-01
--| ALYA     SOLVE NASTIN (MMMMSC)
--| ALYA  END TIME STEP
--| ALYA  START TIME STEP 59, t=  4.036551E-01
--| ALYA     SOLVE NASTIN (MMMMSC)
--| ALYA  END TIME STEP
--| ALYA  START TIME STEP 60, t=  4.087777E-01
--| ALYA     SOLVE NASTIN (MMMMSC)
--| ALYA  END TIME STEP
--| ALYA  START TIME STEP 61, t=  4.141411E-01
--| ALYA     SOLVE NASTIN (MMMMSC)
--| ALYA  END TIME STEP
--| ALYA  START TIME STEP 62, t=  4.197235E-01
--| ALYA     SOLVE NASTIN (MMMMSC)
--| ALYA  END TIME STEP
--| ALYA  START TIME STEP 63, t=  4.255880E-01
--| ALYA     SOLVE NASTIN (MMMMSC)
--| ALYA  END TIME STEP
--| ALYA  START TIME STEP 64, t=  4.317276E-01
--| ALYA     SOLVE NASTIN (MMMMSC)
--| ALYA  END TIME STEP
--| ALYA  START TIME STEP 65, t=  4.378061E-01
--| ALYA     SOLVE NASTIN (MMMMSC)
--| ALYA  END TIME STEP
--| ALYA  START TIME STEP 66, t=  4.438915E-01
--| ALYA     SOLVE NASTIN (MMMMSC)
--| ALYA  END TIME STEP
--| ALYA  START TIME STEP 67, t=  4.500325E-01
--| ALYA     SOLVE NASTIN (MMMMSC)
--| ALYA  END TIME STEP
--| ALYA  START TIME STEP 68, t=  4.557189E-01
--| ALYA     SOLVE NASTIN (MMMMSC)
--| ALYA  END TIME STEP
--| ALYA  START TIME STEP 69, t=  4.621671E-01
--| ALYA     SOLVE NASTIN (MMMMSC)
--| ALYA  END TIME STEP
--| ALYA  START TIME STEP 70, t=  4.689928E-01
--| ALYA     SOLVE NASTIN (MMMMSC)
--| ALYA  END TIME STEP
--| ALYA  START TIME STEP 71, t=  4.758019E-01
--| ALYA     SOLVE NASTIN (MMMMSC)
--| ALYA  END TIME STEP
--| ALYA  START TIME STEP 72, t=  4.827567E-01
--| ALYA     SOLVE NASTIN (MMMMSC)
--| ALYA  END TIME STEP
--| ALYA  START TIME STEP 73, t=  4.899057E-01
--| ALYA     SOLVE NASTIN (MMMMSC)
--| ALYA  END TIME STEP
--| ALYA  START TIME STEP 74, t=  4.970439E-01
--| ALYA     SOLVE NASTIN (MMMMSC)
--| ALYA  END TIME STEP
--| ALYA  START TIME STEP 75, t=  5.047623E-01
--| ALYA     SOLVE NASTIN (MMMMSC)
--| ALYA  END TIME STEP
--| ALYA  START TIME STEP 76, t=  5.122612E-01
--| ALYA     SOLVE NASTIN (MMMMSC)
--| ALYA  END TIME STEP
--| ALYA  START TIME STEP 77, t=  5.199636E-01
--| ALYA     SOLVE NASTIN (MMMMSC)
--| ALYA  END TIME STEP
--| ALYA  START TIME STEP 78, t=  5.277855E-01
--| ALYA     SOLVE NASTIN (MMMMSC)
--| ALYA  END TIME STEP
--| ALYA  START TIME STEP 79, t=  5.362564E-01
--| ALYA     SOLVE NASTIN (MMMMSC)
--| ALYA  END TIME STEP
--| ALYA  START TIME STEP 80, t=  5.444348E-01
--| ALYA     SOLVE NASTIN (MMMMSC)
--| ALYA  END TIME STEP
--| ALYA  START TIME STEP 81, t=  5.527855E-01
--| ALYA     SOLVE NASTIN (MMMMSC)
--| ALYA  END TIME STEP
--| ALYA  START TIME STEP 82, t=  5.611613E-01
--| ALYA     SOLVE NASTIN (MMMMSC)
--| ALYA  END TIME STEP
--| ALYA  START TIME STEP 83, t=  5.703361E-01
--| ALYA     SOLVE NASTIN (MMMMSC)
--| ALYA  END TIME STEP
--| ALYA  START TIME STEP 84, t=  5.793310E-01
--| ALYA     SOLVE NASTIN (MMMMSC)
--| ALYA  END TIME STEP
--| ALYA  START TIME STEP 85, t=  5.885391E-01
--| ALYA     SOLVE NASTIN (MMMMSC)
--| ALYA  END TIME STEP
--| ALYA  START TIME STEP 86, t=  5.976593E-01
--| ALYA     SOLVE NASTIN (MMMMSC)
--| ALYA  END TIME STEP
--| ALYA  START TIME STEP 87, t=  6.074226E-01
--| ALYA     SOLVE NASTIN (MMMMSC)
--| ALYA  END TIME STEP
--| ALYA  START TIME STEP 88, t=  6.170126E-01
--| ALYA     SOLVE NASTIN (MMMMSC)
--| ALYA  END TIME STEP
--| ALYA  START TIME STEP 89, t=  6.272476E-01
--| ALYA     SOLVE NASTIN (MMMMSC)
--| ALYA  END TIME STEP
--| ALYA  START TIME STEP 90, t=  6.375047E-01
--| ALYA     SOLVE NASTIN (MMMMSC)
--| ALYA  END TIME STEP
--| ALYA  START TIME STEP 91, t=  6.482775E-01
--| ALYA     SOLVE NASTIN (MMMMSC)
--| ALYA  END TIME STEP
--| ALYA  START TIME STEP 92, t=  6.589751E-01
--| ALYA     SOLVE NASTIN (MMMMSC)
--| ALYA  END TIME STEP
--| ALYA  START TIME STEP 93, t=  6.700846E-01
--| ALYA     SOLVE NASTIN (MMMMSC)
--| ALYA  END TIME STEP
--| ALYA  START TIME STEP 94, t=  6.812773E-01
--| ALYA     SOLVE NASTIN (MMMMSC)
--| ALYA  END TIME STEP
--| ALYA  START TIME STEP 95, t=  6.938073E-01
--| ALYA     SOLVE NASTIN (MMMMSC)
--| ALYA  END TIME STEP
--| ALYA  START TIME STEP 96, t=  7.058543E-01
--| ALYA     SOLVE NASTIN (MMMMSC)
--| ALYA  END TIME STEP
--| ALYA  START TIME STEP 97, t=  7.181510E-01
--| ALYA     SOLVE NASTIN (MMMMSC)
--| ALYA  END TIME STEP
--| ALYA  START TIME STEP 98, t=  7.306165E-01
--| ALYA     SOLVE NASTIN (MMMMSC)
--| ALYA  END TIME STEP
--| ALYA  START TIME STEP 99, t=  7.435066E-01
--| ALYA     SOLVE NASTIN (MMMMSC)
--| ALYA  END TIME STEP
--| ALYA  START TIME STEP 100, t=  7.567120E-01
--| ALYA     SOLVE NASTIN (MMMMSC)
--| ALYA  END TIME STEP
--| ALYA  WRITE VELOC (POST - PARALLEL)
--| ALYA  FLUSH ASYNCHRONOUS MPI-IO WRITE BUFFER
--| ALYA  START TIME STEP 101, t=  7.717061E-01
--| ALYA     SOLVE NASTIN (MMMMSC)
--| ALYA  END TIME STEP
--| ALYA  START TIME STEP 102, t=  7.853411E-01
--| ALYA     SOLVE NASTIN (MMMMSC)
--| ALYA  END TIME STEP
--| ALYA  START TIME STEP 103, t=  7.992911E-01
--| ALYA     SOLVE NASTIN (MMMMSC)
--| ALYA  END TIME STEP
--| ALYA  START TIME STEP 104, t=  8.131414E-01
--| ALYA     SOLVE NASTIN (MMMMSC)
--| ALYA  END TIME STEP
--| ALYA  START TIME STEP 105, t=  8.267630E-01
--| ALYA     SOLVE NASTIN (MMMMSC)
--| ALYA  END TIME STEP
--| ALYA  START TIME STEP 106, t=  8.404350E-01
--| ALYA     SOLVE NASTIN (MMMMSC)
--| ALYA  END TIME STEP
--| ALYA  START TIME STEP 107, t=  8.547853E-01
--| ALYA     SOLVE NASTIN (MMMMSC)
--| ALYA  END TIME STEP
--| ALYA  START TIME STEP 108, t=  8.690080E-01
--| ALYA     SOLVE NASTIN (MMMMSC)
--| ALYA  END TIME STEP
--| ALYA  START TIME STEP 109, t=  8.834831E-01
--| ALYA     SOLVE NASTIN (MMMMSC)
--| ALYA  END TIME STEP
--| ALYA  START TIME STEP 110, t=  8.987757E-01
--| ALYA     SOLVE NASTIN (MMMMSC)
--| ALYA  END TIME STEP
--| ALYA  START TIME STEP 111, t=  9.145432E-01
--| ALYA     SOLVE NASTIN (MMMMSC)
--| ALYA  END TIME STEP
--| ALYA  START TIME STEP 112, t=  9.301507E-01
--| ALYA     SOLVE NASTIN (MMMMSC)
--| ALYA  END TIME STEP
--| ALYA  START TIME STEP 113, t=  9.452214E-01
--| ALYA     SOLVE NASTIN (MMMMSC)
--| ALYA  END TIME STEP
--| ALYA  START TIME STEP 114, t=  9.610345E-01
--| ALYA     SOLVE NASTIN (MMMMSC)
--| ALYA  END TIME STEP
--| ALYA  START TIME STEP 115, t=  9.773527E-01
--| ALYA     SOLVE NASTIN (MMMMSC)
--| ALYA  END TIME STEP
--| ALYA  START TIME STEP 116, t=  9.938177E-01
--| ALYA     SOLVE NASTIN (MMMMSC)
--| ALYA  END TIME STEP
--| ALYA  START TIME STEP 117, t=  1.011487E+00
--| ALYA     SOLVE NASTIN (MMMMSC)
--| ALYA  END TIME STEP
--| ALYA  START WRITE RESTART FILES
--| ALYA     START VARIABLE: VELOC FROM NASTIN
--| ALYA        WRITE VELOC (RST - PARALLEL) (COMPONENT 1, TIME STEP 1)
--| ALYA        FLUSH ASYNCHRONOUS MPI-IO WRITE BUFFER
--| ALYA        WRITE VELOC (RST - PARALLEL) (COMPONENT 1, TIME STEP 4)
--| ALYA     END VARIABLE
--| ALYA     START VARIABLE: PRESS FROM NASTIN
--| ALYA        WRITE PRESS (RST - PARALLEL) (COMPONENT 1, TIME STEP 1)
--| ALYA        WRITE PRESS (RST - PARALLEL) (COMPONENT 1, TIME STEP 4)
--| ALYA     END VARIABLE
--| ALYA     START VARIABLE: MASRH FROM NASTIN
--| ALYA        WRITE MASRH (RST - PARALLEL) (COMPONENT 1, TIME STEP 1)
--| ALYA        WRITE MASRH (RST - PARALLEL) (COMPONENT 1, TIME STEP 2)
--| ALYA        WRITE MASRH (RST - PARALLEL) (COMPONENT 1, TIME STEP 3)
--| ALYA        WRITE MASRH (RST - PARALLEL) (COMPONENT 1, TIME STEP 4)
--| ALYA     END VARIABLE
--| ALYA  END WRITE RESTART FILES
--| ALYA  WRITE VELOC (POST - PARALLEL)
--| ALYA  FLUSH ASYNCHRONOUS MPI-IO WRITE BUFFER
--| ALYA  
--| ALYA  CALCULATIONS CORRECT
